Invalid params key
Invalid method
Invalid method
Invalid method
Invalid method
Invalid method
Invalid method
Invalid method
Invalid method
Invalid method
Invalid method
Invalid method
invalid_grant
invalid_grant
invalid_grant
invalid_grant
invalid_grant
invalid_grant
invalid_grant
invalid_grant
Invalid method
Invalid method
Invalid method
请访问http://m.xiami.com/dl 升级到最新版本，或在各大应用市场搜索“虾米”。你目前使用的版本已停止维护，给你带来的不便深感抱歉，感谢爱音乐的你。
请访问http://m.xiami.com/dl 升级到最新版本，或在各大应用市场搜索“虾米”。你目前使用的版本已停止维护，给你带来的不便深感抱歉，感谢爱音乐的你。
请访问http://m.xiami.com/dl 升级到最新版本，或在各大应用市场搜索“虾米”。你目前使用的版本已停止维护，给你带来的不便深感抱歉，感谢爱音乐的你。
请访问http://m.xiami.com/dl 升级到最新版本，或在各大应用市场搜索“虾米”。你目前使用的版本已停止维护，给你带来的不便深感抱歉，感谢爱音乐的你。
请访问http://m.xiami.com/dl 升级到最新版本，或在各大应用市场搜索“虾米”。你目前使用的版本已停止维护，给你带来的不便深感抱歉，感谢爱音乐的你。
请访问http://m.xiami.com/dl 升级到最新版本，或在各大应用市场搜索“虾米”。你目前使用的版本已停止维护，给你带来的不便深感抱歉，感谢爱音乐的你。
请访问http://m.xiami.com/dl 升级到最新版本，或在各大应用市场搜索“虾米”。你目前使用的版本已停止维护，给你带来的不便深感抱歉，感谢爱音乐的你。
Invalid api signature specified
Invalid api signature specified
Invalid apikey
Invalid api signature specified
Invalid api signature specified
Invalid api signature specified
Invalid api signature specified
Invalid api signature specified
Invalid api signature specified
Invalid api signature specified
Invalid api signature specified
Invalid apikey
Invalid api signature specified
Invalid api signature specified
Invalid api signature specified
Invalid api signature specified
Invalid api signature specified
Invalid api signature specified
Invalid api signature specified
Invalid api signature specified
Invalid api signature specified
Invalid api signature specified
Invalid api signature specified
Invalid api signature specified
Invalid api signature specified
Invalid api signature specified
Invalid api signature specified
Invalid api signature specified
Invalid api signature specified
Invalid api signature specified
Invalid api signature specified
Invalid api signature specified
Invalid api signature specified
Invalid api signature specified
Invalid api signature specified
Invalid api signature specified
Invalid api signature specified
Invalid api signature specified
Invalid api signature specified
Invalid api signature specified
Invalid api signature specified
Invalid api signature specified
Invalid api signature specified
Invalid api signature specified
Invalid api signature specified
Invalid api signature specified
Invalid method
Invalid method
Invalid method
Invalid method
Invalid method
Invalid method
Invalid method
Invalid method
Invalid method
Invalid method
Invalid method
Invalid method
Invalid method
Invalid method
Invalid method
Invalid method
Invalid method
Invalid method
Invalid method
Invalid method
Invalid method
Invalid method
Invalid method
Invalid method
Invalid method
Invalid method
